Flutter crash report; please file at https://github.com/flutter/flutter/issues.

## command

flutter run

## exception

ArgumentError: Invalid argument(s): Cannot find executable for C:\Users\rdchikku\Desktop\Apps\VisualStudioSample\vssample\android\gradlew.bat.

```
#0      _getExecutable (package:process/src/interface/local_process_manager.dart:127:5)
#1      LocalProcessManager.start (package:process/src/interface/local_process_manager.dart:43:30)
#2      _DefaultProcessUtils.start (package:flutter_tools/src/base/process.dart:462:28)
#3      _DefaultProcessUtils.stream (package:flutter_tools/src/base/process.dart:480:35)
#4      buildGradleApp (package:flutter_tools/src/android/gradle.dart:384:35)
#5      _AndroidBuilderImpl.buildApk (package:flutter_tools/src/android/android_builder.dart:102:13)
#6      AndroidDevice.startApp (package:flutter_tools/src/android/android_device.dart:513:28)
#7      _rootRunUnary (dart:async/zone.dart:1192:38)
#8      _CustomZone.runUnary (dart:async/zone.dart:1085:19)
#9      _FutureListener.handleValue (dart:async/future_impl.dart:141:18)
#10     Future._propagateToListeners.handleValueCallback (dart:async/future_impl.dart:682:45)
#11     Future._propagateToListeners (dart:async/future_impl.dart:711:32)
#12     Future._completeWithValue (dart:async/future_impl.dart:526:5)
#13     Future._asyncComplete.<anonymous closure> (dart:async/future_impl.dart:556:7)
#14     _rootRun (dart:async/zone.dart:1184:13)
#15     _CustomZone.run (dart:async/zone.dart:1077:19)
#16     _CustomZone.runGuarded (dart:async/zone.dart:979:7)
#17     _CustomZone.bindCallbackGuarded.<anonymous closure> (dart:async/zone.dart:1019:23)
#18     _microtaskLoop (dart:async/schedule_microtask.dart:43:21)
#19     _startMicrotaskLoop (dart:async/schedule_microtask.dart:52:5)
#20     _runPendingImmediateCallback (dart:isolate-patch/isolate_patch.dart:118:13)
#21     _RawReceivePortImpl._handleMessage (dart:isolate-patch/isolate_patch.dart:169:5)
```

## flutter doctor

```
[✓] Flutter (Channel stable, v1.17.3, on Microsoft Windows [Version 10.0.17134.523], locale en-IN)
    • Flutter version 1.17.3 at C:\src\flutter
    • Framework revision b041144f83 (3 days ago), 2020-06-04 09:26:11 -0700
    • Engine revision ee76268252
    • Dart version 2.8.4

[✓] Android toolchain - develop for Android devices (Android SDK version 29.0.3)
    • Android SDK at C:\Users\rdchikku\AppData\Local\Android\sdk
    • Platform android-29, build-tools 29.0.3
    • Java binary at: C:\Program Files\Android\Android Studio\jre\bin\java
    • Java version OpenJDK Runtime Environment (build 1.8.0_212-release-1586-b04)
    • All Android licenses accepted.

[✓] Android Studio (version 3.6)
    • Android Studio at C:\Program Files\Android\Android Studio
    • Flutter plugin version 45.1.1
    • Dart plugin version 192.8052
    • Java version OpenJDK Runtime Environment (build 1.8.0_212-release-1586-b04)

[✓] VS Code (version 1.45.0)
    • VS Code at C:\Users\rdchikku\AppData\Local\Programs\Microsoft VS Code
    • Flutter extension version 3.11.0

[✓] Connected device (1 available)
    • vivo 1951 • 71a8cd8b • android-arm64 • Android 9 (API 28)

• No issues found!
```
